{"uuid":"5e766ffc-08ff-4dd6-88ce-917045dca894","historyId":"a30871d8aacecdaccd8893b0bf7a8922","testCaseId":"e0d5c19b10f4313b7adef2cefd7c843c","fullName":"src/test/Features/selectProduct.feature:3","labels":[{"name":"host","value":"DESKTOP-IBTKEPI"},{"name":"thread","value":"15224@DESKTOP-IBTKEPI.main(1)"},{"name":"feature","value":"Selecting and Adding a Product to Cart"},{"name":"story","value":"Successful Product Selection and Addition to Cart"},{"name":"suite","value":"Selecting and Adding a Product to Cart"},{"name":"testClass","value":"Successful Product Selection and Addition to Cart"},{"name":"framework","value":"cucumber4jvm"},{"name":"language","value":"java"},{"name":"gherkin_uri","value":"file:///C:/Users/Umair/Desktop/Selenium_test_1/src/test/Features/selectProduct.feature"},{"name":"package","value":"src.test.Features.selectProduct_feature.Selecting and Adding a Product to Cart"}],"links":[],"name":"Successful Product Selection and Addition to Cart","status":"broken","statusDetails":{"known":false,"muted":false,"flaky":false,"message":"no such element: Unable to locate element: {\"method\":\"css selector\",\"selector\":\"body > div.t4s-sticky-atc.sticky_layout_mb--minimal2.t4s-pf.t4s-b-0.t4s-l-0.t4s-r-0.t4s-op-0.t4s-pe-none.is--shown > div.t4s-sticky-atc__btns > button\"}\n  (Session info: chrome=129.0.6668.103)\nFor documentation on this error, please visit: https://www.selenium.dev/documentation/webdriver/troubleshooting/errors#no-such-element-exception\nBuild info: version: '4.25.0', revision: '8a8aea2337'\nSystem info: os.name: 'Windows 10', os.arch: 'amd64', os.version: '10.0', java.version: '23'\nDriver info: org.openqa.selenium.chrome.ChromeDriver\nCommand: [c022ce9ecc6dc5cfd53bae973dbe6df2, findElement {using=css selector, value=body > div.t4s-sticky-atc.sticky_layout_mb--minimal2.t4s-pf.t4s-b-0.t4s-l-0.t4s-r-0.t4s-op-0.t4s-pe-none.is--shown > div.t4s-sticky-atc__btns > button}]\nCapabilities {acceptInsecureCerts: false, browserName: chrome, browserVersion: 129.0.6668.103, chrome: {chromedriverVersion: 129.0.6668.100 (cf58cba358d..., userDataDir: C:\\Users\\Umair\\AppData\\Loca...}, fedcm:accounts: true, goog:chromeOptions: {debuggerAddress: localhost:61222}, networkConnectionEnabled: false, pageLoadStrategy: normal, platformName: windows, proxy: Proxy(), se:cdp: ws://localhost:61222/devtoo..., se:cdpVersion: 129.0.6668.103, setWindowRect: true, strictFileInteractability: false, timeouts: {implicit: 0, pageLoad: 300000, script: 30000}, unhandledPromptBehavior: dismiss and notify, webauthn:extension:credBlob: true, webauthn:extension:largeBlob: true, webauthn:extension:minPinLength: true, webauthn:extension:prf: true, webauthn:virtualAuthenticators: true}\nSession ID: c022ce9ecc6dc5cfd53bae973dbe6df2","trace":"org.openqa.selenium.NoSuchElementException: no such element: Unable to locate element: {\"method\":\"css selector\",\"selector\":\"body > div.t4s-sticky-atc.sticky_layout_mb--minimal2.t4s-pf.t4s-b-0.t4s-l-0.t4s-r-0.t4s-op-0.t4s-pe-none.is--shown > div.t4s-sticky-atc__btns > button\"}\n  (Session info: chrome=129.0.6668.103)\nFor documentation on this error, please visit: https://www.selenium.dev/documentation/webdriver/troubleshooting/errors#no-such-element-exception\nBuild info: version: '4.25.0', revision: '8a8aea2337'\nSystem info: os.name: 'Windows 10', os.arch: 'amd64', os.version: '10.0', java.version: '23'\nDriver info: org.openqa.selenium.chrome.ChromeDriver\nCommand: [c022ce9ecc6dc5cfd53bae973dbe6df2, findElement {using=css selector, value=body > div.t4s-sticky-atc.sticky_layout_mb--minimal2.t4s-pf.t4s-b-0.t4s-l-0.t4s-r-0.t4s-op-0.t4s-pe-none.is--shown > div.t4s-sticky-atc__btns > button}]\nCapabilities {acceptInsecureCerts: false, browserName: chrome, browserVersion: 129.0.6668.103, chrome: {chromedriverVersion: 129.0.6668.100 (cf58cba358d..., userDataDir: C:\\Users\\Umair\\AppData\\Loca...}, fedcm:accounts: true, goog:chromeOptions: {debuggerAddress: localhost:61222}, networkConnectionEnabled: false, pageLoadStrategy: normal, platformName: windows, proxy: Proxy(), se:cdp: ws://localhost:61222/devtoo..., se:cdpVersion: 129.0.6668.103, setWindowRect: true, strictFileInteractability: false, timeouts: {implicit: 0, pageLoad: 300000, script: 30000}, unhandledPromptBehavior: dismiss and notify, webauthn:extension:credBlob: true, webauthn:extension:largeBlob: true, webauthn:extension:minPinLength: true, webauthn:extension:prf: true, webauthn:virtualAuthenticators: true}\nSession ID: c022ce9ecc6dc5cfd53bae973dbe6df2\r\n\tat java.base/jdk.internal.reflect.DirectConstructorHandleAccessor.newInstance(DirectConstructorHandleAccessor.java:62)\r\n\tat java.base/java.lang.reflect.Constructor.newInstanceWithCaller(Constructor.java:501)\r\n\tat java.base/java.lang.reflect.Constructor.newInstance(Constructor.java:485)\r\n\tat org.openqa.selenium.remote.ErrorCodec.decode(ErrorCodec.java:167)\r\n\tat org.openqa.selenium.remote.codec.w3c.W3CHttpResponseCodec.decode(W3CHttpResponseCodec.java:138)\r\n\tat org.openqa.selenium.remote.codec.w3c.W3CHttpResponseCodec.decode(W3CHttpResponseCodec.java:50)\r\n\tat org.openqa.selenium.remote.HttpCommandExecutor.execute(HttpCommandExecutor.java:190)\r\n\tat org.openqa.selenium.remote.service.DriverCommandExecutor.invokeExecute(DriverCommandExecutor.java:216)\r\n\tat org.openqa.selenium.remote.service.DriverCommandExecutor.execute(DriverCommandExecutor.java:174)\r\n\tat org.openqa.selenium.remote.RemoteWebDriver.execute(RemoteWebDriver.java:545)\r\n\tat org.openqa.selenium.remote.ElementLocation$ElementFinder$2.findElement(ElementLocation.java:165)\r\n\tat org.openqa.selenium.remote.ElementLocation.findElement(ElementLocation.java:59)\r\n\tat org.openqa.selenium.remote.RemoteWebDriver.findElement(RemoteWebDriver.java:368)\r\n\tat org.openqa.selenium.remote.RemoteWebDriver.findElement(RemoteWebDriver.java:362)\r\n\tat stepDefinition.selectProductSteps.clicks_the_add_to_cart_button(selectProductSteps.java:34)\r\n\tat ✽.clicks the add to cart button(file:///C:/Users/Umair/Desktop/Selenium_test_1/src/test/Features/selectProduct.feature:6)\r\n"},"stage":"finished","steps":[{"name":"Given User is on the product details page","status":"passed","statusDetails":{"known":false,"muted":false,"flaky":false},"stage":"finished","steps":[],"attachments":[],"parameters":[],"start":1729269864394,"stop":1729269864403},{"name":"When User selects the product","status":"passed","statusDetails":{"known":false,"muted":false,"flaky":false},"stage":"finished","steps":[],"attachments":[],"parameters":[],"start":1729269864403,"stop":1729269868310},{"name":"And clicks the add to cart button","status":"broken","statusDetails":{"known":false,"muted":false,"flaky":false,"message":"no such element: Unable to locate element: {\"method\":\"css selector\",\"selector\":\"body > div.t4s-sticky-atc.sticky_layout_mb--minimal2.t4s-pf.t4s-b-0.t4s-l-0.t4s-r-0.t4s-op-0.t4s-pe-none.is--shown > div.t4s-sticky-atc__btns > button\"}\n  (Session info: chrome=129.0.6668.103)\nFor documentation on this error, please visit: https://www.selenium.dev/documentation/webdriver/troubleshooting/errors#no-such-element-exception\nBuild info: version: '4.25.0', revision: '8a8aea2337'\nSystem info: os.name: 'Windows 10', os.arch: 'amd64', os.version: '10.0', java.version: '23'\nDriver info: org.openqa.selenium.chrome.ChromeDriver\nCommand: [c022ce9ecc6dc5cfd53bae973dbe6df2, findElement {using=css selector, value=body > div.t4s-sticky-atc.sticky_layout_mb--minimal2.t4s-pf.t4s-b-0.t4s-l-0.t4s-r-0.t4s-op-0.t4s-pe-none.is--shown > div.t4s-sticky-atc__btns > button}]\nCapabilities {acceptInsecureCerts: false, browserName: chrome, browserVersion: 129.0.6668.103, chrome: {chromedriverVersion: 129.0.6668.100 (cf58cba358d..., userDataDir: C:\\Users\\Umair\\AppData\\Loca...}, fedcm:accounts: true, goog:chromeOptions: {debuggerAddress: localhost:61222}, networkConnectionEnabled: false, pageLoadStrategy: normal, platformName: windows, proxy: Proxy(), se:cdp: ws://localhost:61222/devtoo..., se:cdpVersion: 129.0.6668.103, setWindowRect: true, strictFileInteractability: false, timeouts: {implicit: 0, pageLoad: 300000, script: 30000}, unhandledPromptBehavior: dismiss and notify, webauthn:extension:credBlob: true, webauthn:extension:largeBlob: true, webauthn:extension:minPinLength: true, webauthn:extension:prf: true, webauthn:virtualAuthenticators: true}\nSession ID: c022ce9ecc6dc5cfd53bae973dbe6df2","trace":"org.openqa.selenium.NoSuchElementException: no such element: Unable to locate element: {\"method\":\"css selector\",\"selector\":\"body > div.t4s-sticky-atc.sticky_layout_mb--minimal2.t4s-pf.t4s-b-0.t4s-l-0.t4s-r-0.t4s-op-0.t4s-pe-none.is--shown > div.t4s-sticky-atc__btns > button\"}\n  (Session info: chrome=129.0.6668.103)\nFor documentation on this error, please visit: https://www.selenium.dev/documentation/webdriver/troubleshooting/errors#no-such-element-exception\nBuild info: version: '4.25.0', revision: '8a8aea2337'\nSystem info: os.name: 'Windows 10', os.arch: 'amd64', os.version: '10.0', java.version: '23'\nDriver info: org.openqa.selenium.chrome.ChromeDriver\nCommand: [c022ce9ecc6dc5cfd53bae973dbe6df2, findElement {using=css selector, value=body > div.t4s-sticky-atc.sticky_layout_mb--minimal2.t4s-pf.t4s-b-0.t4s-l-0.t4s-r-0.t4s-op-0.t4s-pe-none.is--shown > div.t4s-sticky-atc__btns > button}]\nCapabilities {acceptInsecureCerts: false, browserName: chrome, browserVersion: 129.0.6668.103, chrome: {chromedriverVersion: 129.0.6668.100 (cf58cba358d..., userDataDir: C:\\Users\\Umair\\AppData\\Loca...}, fedcm:accounts: true, goog:chromeOptions: {debuggerAddress: localhost:61222}, networkConnectionEnabled: false, pageLoadStrategy: normal, platformName: windows, proxy: Proxy(), se:cdp: ws://localhost:61222/devtoo..., se:cdpVersion: 129.0.6668.103, setWindowRect: true, strictFileInteractability: false, timeouts: {implicit: 0, pageLoad: 300000, script: 30000}, unhandledPromptBehavior: dismiss and notify, webauthn:extension:credBlob: true, webauthn:extension:largeBlob: true, webauthn:extension:minPinLength: true, webauthn:extension:prf: true, webauthn:virtualAuthenticators: true}\nSession ID: c022ce9ecc6dc5cfd53bae973dbe6df2\r\n\tat java.base/jdk.internal.reflect.DirectConstructorHandleAccessor.newInstance(DirectConstructorHandleAccessor.java:62)\r\n\tat java.base/java.lang.reflect.Constructor.newInstanceWithCaller(Constructor.java:501)\r\n\tat java.base/java.lang.reflect.Constructor.newInstance(Constructor.java:485)\r\n\tat org.openqa.selenium.remote.ErrorCodec.decode(ErrorCodec.java:167)\r\n\tat org.openqa.selenium.remote.codec.w3c.W3CHttpResponseCodec.decode(W3CHttpResponseCodec.java:138)\r\n\tat org.openqa.selenium.remote.codec.w3c.W3CHttpResponseCodec.decode(W3CHttpResponseCodec.java:50)\r\n\tat org.openqa.selenium.remote.HttpCommandExecutor.execute(HttpCommandExecutor.java:190)\r\n\tat org.openqa.selenium.remote.service.DriverCommandExecutor.invokeExecute(DriverCommandExecutor.java:216)\r\n\tat org.openqa.selenium.remote.service.DriverCommandExecutor.execute(DriverCommandExecutor.java:174)\r\n\tat org.openqa.selenium.remote.RemoteWebDriver.execute(RemoteWebDriver.java:545)\r\n\tat org.openqa.selenium.remote.ElementLocation$ElementFinder$2.findElement(ElementLocation.java:165)\r\n\tat org.openqa.selenium.remote.ElementLocation.findElement(ElementLocation.java:59)\r\n\tat org.openqa.selenium.remote.RemoteWebDriver.findElement(RemoteWebDriver.java:368)\r\n\tat org.openqa.selenium.remote.RemoteWebDriver.findElement(RemoteWebDriver.java:362)\r\n\tat stepDefinition.selectProductSteps.clicks_the_add_to_cart_button(selectProductSteps.java:34)\r\n\tat ✽.clicks the add to cart button(file:///C:/Users/Umair/Desktop/Selenium_test_1/src/test/Features/selectProduct.feature:6)\r\n"},"stage":"finished","steps":[],"attachments":[],"parameters":[],"start":1729269868313,"stop":1729269868601},{"name":"Then Product is added to the cart","status":"skipped","statusDetails":{"known":false,"muted":false,"flaky":false},"stage":"finished","steps":[],"attachments":[],"parameters":[],"start":1729269868606,"stop":1729269868611}],"attachments":[],"parameters":[],"start":1729269864378,"stop":1729269869783}