{"uuid":"90e1d147-8411-4e8f-a067-1d1a698a5bb8","historyId":"7adb2ce3f0c54c1217a418d00bdf1cb8","testCaseId":"6fd0e41e793ce33dab90b4d45acbf57","fullName":"src/test/resources/features/login.feature:3","labels":[{"name":"host","value":"DESKTOP-2SFN0U6"},{"name":"thread","value":"8672@DESKTOP-2SFN0U6.main(1)"},{"name":"feature","value":"Feature to test login functionality"},{"name":"story","value":"Check login is successful with valid credentials from CSV file"},{"name":"suite","value":"Feature to test login functionality"},{"name":"testClass","value":"Check login is successful with valid credentials from CSV file"},{"name":"framework","value":"cucumber4jvm"},{"name":"language","value":"java"},{"name":"gherkin_uri","value":"file:///F:/University%20Tasks/FAST-BSE-5B/SQE/Project%20Phase%20-1/UI_test_Automation_Framework_Selenium/src/test/resources/features/login.feature"},{"name":"package","value":"src.test.resources.features.login_feature.Feature to test login functionality"}],"links":[],"name":"Check login is successful with valid credentials from CSV file","status":"failed","statusDetails":{"known":false,"muted":false,"flaky":false,"message":"User is not logged in","trace":"java.lang.AssertionError: User is not logged in\r\n\tat org.junit.Assert.fail(Assert.java:89)\r\n\tat org.junit.Assert.assertTrue(Assert.java:42)\r\n\tat org.junit.Assert.assertFalse(Assert.java:65)\r\n\tat stepDefinitions.LoginSteps.user_should_be_logged_in(LoginSteps.java:34)\r\n\tat ✽.User should be logged in(file:///F:/University%20Tasks/FAST-BSE-5B/SQE/Project%20Phase%20-1/UI_test_Automation_Framework_Selenium/src/test/resources/features/login.feature:6)\r\n"},"stage":"finished","steps":[{"name":"Given User is on login page","status":"passed","statusDetails":{"known":false,"muted":false,"flaky":false},"stage":"finished","steps":[],"attachments":[],"parameters":[],"start":1729838250770,"stop":1729838258526},{"name":"When User enters username and password from CSV","status":"passed","statusDetails":{"known":false,"muted":false,"flaky":false},"stage":"finished","steps":[],"attachments":[],"parameters":[],"start":1729838258529,"stop":1729838258940},{"name":"Then User should be logged in","status":"failed","statusDetails":{"known":false,"muted":false,"flaky":false,"message":"User is not logged in","trace":"java.lang.AssertionError: User is not logged in\r\n\tat org.junit.Assert.fail(Assert.java:89)\r\n\tat org.junit.Assert.assertTrue(Assert.java:42)\r\n\tat org.junit.Assert.assertFalse(Assert.java:65)\r\n\tat stepDefinitions.LoginSteps.user_should_be_logged_in(LoginSteps.java:34)\r\n\tat ✽.User should be logged in(file:///F:/University%20Tasks/FAST-BSE-5B/SQE/Project%20Phase%20-1/UI_test_Automation_Framework_Selenium/src/test/resources/features/login.feature:6)\r\n"},"stage":"finished","steps":[],"attachments":[],"parameters":[],"start":1729838258940,"stop":1729838258963}],"attachments":[],"parameters":[],"start":1729838250765,"stop":1729838258976}